#
# There is insufficient memory for the Java Runtime Environment to continue.
# Native memory allocation (malloc) failed to allocate 775728 bytes for Chunk::new
# Possible reasons:
#   The system is out of physical RAM or swap space
#   In 32 bit mode, the process size limit was hit
# Possible solutions:
#   Reduce memory load on the system
#   Increase physical memory or swap space
#   Check if swap backing store is full
#   Use 64 bit Java on a 64 bit OS
#   Decrease Java heap size (-Xmx/-Xms)
#   Decrease number of Java threads
#   Decrease Java thread stack sizes (-Xss)
#   Set larger code cache with -XX:ReservedCodeCacheSize=
# This output file may be truncated or incomplete.
#
#  Out of Memory Error (allocation.cpp:390), pid=7044, tid=0x0000000000001dec
#
# JRE version: Java(TM) SE Runtime Environment (8.0_102-b14) (build 1.8.0_102-b14)
# Java VM: Java HotSpot(TM) 64-Bit Server VM (25.102-b14 mixed mode windows-amd64 compressed oops)
# Failed to write core dump. Minidumps are not enabled by default on client versions of Windows
#

---------------  T H R E A D  ---------------

Current thread (0x00000000060c0000):  JavaThread "C2 CompilerThread0" daemon [_thread_in_native, id=7660, stack(0x0000000007700000,0x0000000007800000)]

Stack: [0x0000000007700000,0x0000000007800000]
[error occurred during error reporting (printing stack bounds), id 0xc0000005]

Native frames: (J=compiled Java code, j=interpreted, Vv=VM code, C=native code)


Current CompileTask:
C2:   5608 1645   !   4       com.android.dx.cf.code.RopperMachine::run (1550 bytes)


---------------  P R O C E S S  ---------------

Java Threads: ( => current thread )
  0x0000000007d3d000 JavaThread "pool-1-thread-4" [_thread_blocked, id=7332, stack(0x0000000008c00000,0x0000000008d00000)]
  0x0000000007d3c000 JavaThread "pool-1-thread-3" [_thread_blocked, id=7752, stack(0x0000000008b00000,0x0000000008c00000)]
  0x0000000007d3b800 JavaThread "pool-1-thread-2" [_thread_blocked, id=7680, stack(0x0000000008a00000,0x0000000008b00000)]
  0x0000000007c54800 JavaThread "pool-2-thread-1" [_thread_blocked, id=8404, stack(0x0000000008900000,0x0000000008a00000)]
  0x0000000007c99000 JavaThread "pool-1-thread-1" [_thread_blocked, id=8724, stack(0x0000000008800000,0x0000000008900000)]
  0x0000000007a11800 JavaThread "Service Thread" daemon [_thread_blocked, id=3444, stack(0x0000000007e00000,0x0000000007f00000)]
  0x0000000006113800 JavaThread "C1 CompilerThread2" daemon [_thread_blocked, id=7304, stack(0x0000000007900000,0x0000000007a00000)]
  0x00000000060c3000 JavaThread "C2 CompilerThread1" daemon [_thread_in_native, id=7824, stack(0x0000000007800000,0x0000000007900000)]
=>0x00000000060c0000 JavaThread "C2 CompilerThread0" daemon [_thread_in_native, id=7660, stack(0x0000000007700000,0x0000000007800000)]
  0x00000000060bc800 JavaThread "Attach Listener" daemon [_thread_blocked, id=420, stack(0x0000000007600000,0x0000000007700000)]
  0x00000000060bb800 JavaThread "Signal Dispatcher" daemon [_thread_blocked, id=7780, stack(0x0000000007500000,0x0000000007600000)]
  0x00000000060aa000 JavaThread "Finalizer" daemon [_thread_blocked, id=2896, stack(0x0000000007320000,0x0000000007420000)]
  0x0000000006089000 JavaThread "Reference Handler" daemon [_thread_blocked, id=9004, stack(0x0000000007220000,0x0000000007320000)]
  0x00000000028f0800 JavaThread "main" [_thread_in_vm, id=7888, stack(0x00000000027f0000,0x00000000028f0000)]

Other Threads:
  0x0000000006087000 VMThread [stack: 0x0000000007120000,0x0000000007220000] [id=6768]
  0x0000000007a23000 WatcherThread [stack: 0x0000000007f00000,0x0000000008000000] [id=7860]

VM state:not at safepoint (normal execution)

VM Mutex/Monitor currently owned by a thread: None

Heap:
 PSYoungGen      total 35328K, used 30401K [0x00000000eab00000, 0x00000000ed000000, 0x0000000100000000)
  eden space 32768K, 85% used [0x00000000eab00000,0x00000000ec6362f0,0x00000000ecb00000)
  from space 2560K, 99% used [0x00000000ecd80000,0x00000000ecffa2c0,0x00000000ed000000)
  to   space 2560K, 0% used [0x00000000ecb00000,0x00000000ecb00000,0x00000000ecd80000)
 ParOldGen       total 44032K, used 8124K [0x00000000c0000000, 0x00000000c2b00000, 0x00000000eab00000)
  object space 44032K, 18% used [0x00000000c0000000,0x00000000c07ef3d0,0x00000000c2b00000)
 Metaspace       used 6225K, capacity 7090K, committed 7296K, reserved 1056768K
  class space    used 605K, capacity 618K, committed 640K, reserved 1048576K

Card table byte_map: [0x0000000002db0000,0x0000000002fc0000] byte_map_base: 0x00000000027b0000

Marking Bits: (ParMarkBitMap*) 0x000000005eaaa6c0
 Begin Bits: [0x0000000003520000, 0x0000000004520000)
 End Bits:   [0x0000000004520000, 0x0000000005520000)

Polling page: 0x0000000000a60000

CodeCache: size=245760Kb used=6966Kb max_used=6982Kb free=238793Kb
 bounds [0x000000000f010000, 0x000000000f6f0000, 0x000000001e010000]
 total_blobs=1887 nmethods=1618 adapters=182
 compilation: enabled

Compilation events (10 events):
Event: 4.955 Thread 0x00000000060c0000 nmethod 1622 0x000000000f692cd0 code [0x000000000f692e20, 0x000000000f693038]
Event: 4.999 Thread 0x00000000060c3000 nmethod 1638 0x000000000f6dfc10 code [0x000000000f6dfec0, 0x000000000f6e2668]
Event: 5.192 Thread 0x00000000060c0000 1642       4       com.android.dx.cf.code.RopperMachine::getSources (264 bytes)
Event: 5.194 Thread 0x00000000060c3000 1643       4       com.android.dx.cf.code.ValueAwareMachine::run (1142 bytes)
Event: 5.229 Thread 0x00000000060c0000 nmethod 1642 0x000000000f6d2310 code [0x000000000f6d2500, 0x000000000f6d2f98]
Event: 5.229 Thread 0x00000000060c0000 1644       4       com.android.dx.cf.code.BaseMachine::storeResults (90 bytes)
Event: 5.263 Thread 0x00000000060c0000 nmethod 1644 0x000000000f6c6010 code [0x000000000f6c6240, 0x000000000f6c70d0]
Event: 5.263 Thread 0x00000000060c0000 1645   !   4       com.android.dx.cf.code.RopperMachine::run (1550 bytes)
Event: 5.358 Thread 0x00000000060c3000 nmethod 1643 0x000000000f6e8350 code [0x000000000f6e8f00, 0x000000000f6eb4d8]
Event: 5.359 Thread 0x00000000060c3000 1646       4       com.android.dx.cf.code.Simulator$SimVisitor::visitConstant (332 bytes)

GC Heap History (8 events):
Event: 0.370 GC heap before
{Heap before GC invocations=1 (full 0):
 PSYoungGen      total 18944K, used 16384K [0x00000000eab00000, 0x00000000ec000000, 0x0000000100000000)
  eden space 16384K, 100% used [0x00000000eab00000,0x00000000ebb00000,0x00000000ebb00000)
  from space 2560K, 0% used [0x00000000ebd80000,0x00000000ebd80000,0x00000000ec000000)
  to   space 2560K, 0% used [0x00000000ebb00000,0x00000000ebb00000,0x00000000ebd80000)
 ParOldGen       total 44032K, used 0K [0x00000000c0000000, 0x00000000c2b00000, 0x00000000eab00000)
  object space 44032K, 0% used [0x00000000c0000000,0x00000000c0000000,0x00000000c2b00000)
 Metaspace       used 3617K, capacity 4784K, committed 5120K, reserved 1056768K
  class space    used 395K, capacity 424K, committed 512K, reserved 1048576K
Event: 0.373 GC heap after
Heap after GC invocations=1 (full 0):
 PSYoungGen      total 18944K, used 1141K [0x00000000eab00000, 0x00000000ec000000, 0x0000000100000000)
  eden space 16384K, 0% used [0x00000000eab00000,0x00000000eab00000,0x00000000ebb00000)
  from space 2560K, 44% used [0x00000000ebb00000,0x00000000ebc1d628,0x00000000ebd80000)
  to   space 2560K, 0% used [0x00000000ebd80000,0x00000000ebd80000,0x00000000ec000000)
 ParOldGen       total 44032K, used 8K [0x00000000c0000000, 0x00000000c2b00000, 0x00000000eab00000)
  object space 44032K, 0% used [0x00000000c0000000,0x00000000c0002000,0x00000000c2b00000)
 Metaspace       used 3617K, capacity 4784K, committed 5120K, reserved 1056768K
  class space    used 395K, capacity 424K, committed 512K, reserved 1048576K
}
Event: 1.365 GC heap before
{Heap before GC invocations=2 (full 0):
 PSYoungGen      total 18944K, used 17525K [0x00000000eab00000, 0x00000000ec000000, 0x0000000100000000)
  eden space 16384K, 100% used [0x00000000eab00000,0x00000000ebb00000,0x00000000ebb00000)
  from space 2560K, 44% used [0x00000000ebb00000,0x00000000ebc1d628,0x00000000ebd80000)
  to   space 2560K, 0% used [0x00000000ebd80000,0x00000000ebd80000,0x00000000ec000000)
 ParOldGen       total 44032K, used 8K [0x00000000c0000000, 0x00000000c2b00000, 0x00000000eab00000)
  object space 44032K, 0% used [0x00000000c0000000,0x00000000c0002000,0x00000000c2b00000)
 Metaspace       used 5921K, capacity 6834K, committed 7040K, reserved 1056768K
  class space    used 603K, capacity 618K, committed 640K, reserved 1048576K
Event: 1.378 GC heap after
Heap after GC invocations=2 (full 0):
 PSYoungGen      total 18944K, used 2542K [0x00000000eab00000, 0x00000000ec000000, 0x0000000100000000)
  eden space 16384K, 0% used [0x00000000eab00000,0x00000000eab00000,0x00000000ebb00000)
  from space 2560K, 99% used [0x00000000ebd80000,0x00000000ebffb878,0x00000000ec000000)
  to   space 2560K, 0% used [0x00000000ebb00000,0x00000000ebb00000,0x00000000ebd80000)
 ParOldGen       total 44032K, used 2298K [0x00000000c0000000, 0x00000000c2b00000, 0x00000000eab00000)
  object space 44032K, 5% used [0x00000000c0000000,0x00000000c023e990,0x00000000c2b00000)
 Metaspace       used 5921K, capacity 6834K, committed 7040K, reserved 1056768K
  class space    used 603K, capacity 618K, committed 640K, reserved 1048576K
}
Event: 2.254 GC heap before
{Heap before GC invocations=3 (full 0):
 PSYoungGen      total 18944K, used 18926K [0x00000000eab00000, 0x00000000ec000000, 0x0000000100000000)
  eden space 16384K, 100% used [0x00000000eab00000,0x00000000ebb00000,0x00000000ebb00000)
  from space 2560K, 99% used [0x00000000ebd80000,0x00000000ebffb878,0x00000000ec000000)
  to   space 2560K, 0% used [0x00000000ebb00000,0x00000000ebb00000,0x00000000ebd80000)
 ParOldGen       total 44032K, used 2298K [0x00000000c0000000, 0x00000000c2b00000, 0x00000000eab00000)
  object space 44032K, 5% used [0x00000000c0000000,0x00000000c023e990,0x00000000c2b00000)
 Metaspace       used 6136K, capacity 7026K, committed 7296K, reserved 1056768K
  class space    used 605K, capacity 618K, committed 640K, reserved 1048576K
Event: 2.270 GC heap after
Heap after GC invocations=3 (full 0):
 PSYoungGen      total 18944K, used 2536K [0x00000000eab00000, 0x00000000ed000000, 0x0000000100000000)
  eden space 16384K, 0% used [0x00000000eab00000,0x00000000eab00000,0x00000000ebb00000)
  from space 2560K, 99% used [0x00000000ebb00000,0x00000000ebd7a2c0,0x00000000ebd80000)
  to   space 2560K, 0% used [0x00000000ecd80000,0x00000000ecd80000,0x00000000ed000000)
 ParOldGen       total 44032K, used 5529K [0x00000000c0000000, 0x00000000c2b00000, 0x00000000eab00000)
  object space 44032K, 12% used [0x00000000c0000000,0x00000000c05667c8,0x00000000c2b00000)
 Metaspace       used 6136K, capacity 7026K, committed 7296K, reserved 1056768K
  class space    used 605K, capacity 618K, committed 640K, reserved 1048576K
}
Event: 2.991 GC heap before
{Heap before GC invocations=4 (full 0):
 PSYoungGen      total 18944K, used 18920K [0x00000000eab00000, 0x00000000ed000000, 0x0000000100000000)
  eden space 16384K, 100% used [0x00000000eab00000,0x00000000ebb00000,0x00000000ebb00000)
  from space 2560K, 99% used [0x00000000ebb00000,0x00000000ebd7a2c0,0x00000000ebd80000)
  to   space 2560K, 0% used [0x00000000ecd80000,0x00000000ecd80000,0x00000000ed000000)
 ParOldGen       total 44032K, used 5529K [0x00000000c0000000, 0x00000000c2b00000, 0x00000000eab00000)
  object space 44032K, 12% used [0x00000000c0000000,0x00000000c05667c8,0x00000000c2b00000)
 Metaspace       used 6164K, capacity 7026K, committed 7296K, reserved 1056768K
  class space    used 605K, capacity 618K, committed 640K, reserved 1048576K
Event: 3.165 GC heap after
Heap after GC invocations=4 (full 0):
 PSYoungGen      total 35328K, used 2536K [0x00000000eab00000, 0x00000000ed000000, 0x0000000100000000)
  eden space 32768K, 0% used [0x00000000eab00000,0x00000000eab00000,0x00000000ecb00000)
  from space 2560K, 99% used [0x00000000ecd80000,0x00000000ecffa2c0,0x00000000ed000000)
  to   space 2560K, 0% used [0x00000000ecb00000,0x00000000ecb00000,0x00000000ecd80000)
 ParOldGen       total 44032K, used 8124K [0x00000000c0000000, 0x00000000c2b00000, 0x00000000eab00000)
  object space 44032K, 18% used [0x00000000c0000000,0x00000000c07ef3d0,0x00000000c2b00000)
 Metaspace       used 6164K, capacity 7026K, committed 7296K, reserved 1056768K
  class space    used 605K, capacity 618K, committed 640K, reserved 1048576K
}

Deoptimization events (10 events):
Event: 1.797 Thread 0x0000000007d3b800 Uncommon trap: reason=unstable_if action=reinterpret pc=0x000000000f4374b8 method=com.android.dx.cf.code.Ropper.labelToResultIndex(I)I @ 34
Event: 1.797 Thread 0x0000000007d3b800 Uncommon trap: reason=class_check action=maybe_recompile pc=0x000000000f2f053c method=com.android.dx.rop.type.Type.equals(Ljava/lang/Object;)Z @ 8
Event: 1.797 Thread 0x0000000007d3b800 Uncommon trap: reason=class_check action=maybe_recompile pc=0x000000000f2f053c method=com.android.dx.rop.type.Type.equals(Ljava/lang/Object;)Z @ 8
Event: 1.797 Thread 0x0000000007d3b800 Uncommon trap: reason=class_check action=maybe_recompile pc=0x000000000f2f053c method=com.android.dx.rop.type.Type.equals(Ljava/lang/Object;)Z @ 8
Event: 1.808 Thread 0x0000000007d3b800 Uncommon trap: reason=class_check action=maybe_recompile pc=0x000000000f2f053c method=com.android.dx.rop.type.Type.equals(Ljava/lang/Object;)Z @ 8
Event: 1.920 Thread 0x00000000028f0800 Uncommon trap: reason=unloaded action=reinterpret pc=0x000000000f4d1454 method=com.android.dx.cf.cst.ConstantPoolParser.parse0(ILjava/util/BitSet;)Lcom/android/dx/rop/cst/Constant; @ 198
Event: 2.280 Thread 0x00000000028f0800 Uncommon trap: reason=unstable_if action=reinterpret pc=0x000000000f2b8a1c method=com.android.dx.rop.cst.Constant.compareTo(Lcom/android/dx/rop/cst/Constant;)I @ 12
Event: 3.388 Thread 0x0000000007c99000 Uncommon trap: reason=class_check action=maybe_recompile pc=0x000000000f25ad24 method=com.android.dx.rop.type.Type.equals(Ljava/lang/Object;)Z @ 8
Event: 3.402 Thread 0x0000000007c99000 Uncommon trap: reason=unstable_if action=reinterpret pc=0x000000000f545610 method=com.android.dx.ssa.SCCP.simulateStmt(Lcom/android/dx/ssa/SsaInsn;)V @ 59
Event: 4.259 Thread 0x00000000028f0800 Uncommon trap: reason=unstable_if action=reinterpret pc=0x000000000f499d7c method=com.android.dx.util.IntList.binarysearch(I)I @ 105

Internal exceptions (2 events):
Event: 0.054 Thread 0x00000000028f0800 Exception <a 'java/lang/NoSuchMethodError': Method sun.misc.Unsafe.defineClass(Ljava/lang/String;[BII)Ljava/lang/Class; name or signature does not match> (0x00000000eab07c78) thrown at [C:\re\workspace\8-2-build-windows-amd64-cygwin\jdk8u102\7268\hotspot\sÖŠD~¾«?
Event: 0.054 Thread 0x00000000028f0800 Exception <a 'java/lang/NoSuchMethodError': Method sun.misc.Unsafe.prefetchRead(Ljava/lang/Object;J)V name or signature does not match> (0x00000000eab07f60) thrown at [C:\re\workspace\8-2-build-windows-amd64-cygwin\jdk8u102\7268\hotspot\src\share\vm\prims\

Events (10 events):
Event: 3.388 Thread 0x0000000007c99000 DEOPT PACKING pc=0x000000000f25ad24 sp=0x00000000088fe6f0
Event: 3.388 Thread 0x0000000007c99000 DEOPT UNPACKING pc=0x000000000f05582a sp=0x00000000088fe478 mode 2
Event: 3.402 Thread 0x0000000007c99000 Uncommon trap: trap_request=0xffffff65 fr.pc=0x000000000f545610
Event: 3.402 Thread 0x0000000007c99000 DEOPT PACKING pc=0x000000000f545610 sp=0x00000000088feaa0
Event: 3.402 Thread 0x0000000007c99000 DEOPT UNPACKING pc=0x000000000f05582a sp=0x00000000088fea88 mode 2
Event: 4.193 Executing VM operation: EnableBiasedLocking
Event: 4.193 Executing VM operation: EnableBiasedLocking done
Event: 4.259 Thread 0x00000000028f0800 Uncommon trap: trap_request=0xffffff65 fr.pc=0x000000000f499d7c
Event: 4.259 Thread 0x00000000028f0800 DEOPT PACKING pc=0x000000000f499d7c sp=0x00000000028edef0
Event: 4.259 Thread 0x00000000028f0800 DEOPT UNPACKING pc=0x000000000f05582a sp=0x00000000028ede68 mode 2


Dynamic libraries:
0x00007ff6f59a0000 - 0x00007ff6f59d7000 	C:\Program Files\Java\jdk1.8.0_102\bin\java.exe
0x00007fff03e00000 - 0x00007fff03fad000 	C:\WINDOWS\SYSTEM32\ntdll.dll
0x00007fff036b0000 - 0x00007fff037ee000 	C:\WINDOWS\system32\KERNEL32.DLL
0x00007fff010e0000 - 0x00007fff011f5000 	C:\WINDOWS\system32\KERNELBASE.dll
0x00007ffeffab0000 - 0x00007ffeffb3e000 	C:\WINDOWS\system32\apphelp.dll
0x00007ffee83e0000 - 0x00007ffee8433000 	C:\WINDOWS\AppPatch\AppPatch64\AcGenral.DLL
0x00007fff01490000 - 0x00007fff0153a000 	C:\WINDOWS\system32\msvcrt.dll
0x00007fff010b0000 - 0x00007fff010de000 	C:\WINDOWS\system32\SspiCli.dll
0x00007fff03280000 - 0x00007fff032d4000 	C:\WINDOWS\system32\SHLWAPI.dll
0x00007fff018d0000 - 0x00007fff01a47000 	C:\WINDOWS\system32\USER32.dll
0x00007fff033b0000 - 0x00007fff03544000 	C:\WINDOWS\system32\ole32.dll
0x00007fff01c90000 - 0x00007fff031b9000 	C:\WINDOWS\system32\SHELL32.dll
0x00007fff004b0000 - 0x00007fff004d1000 	C:\WINDOWS\SYSTEM32\USERENV.dll
0x00007fff01a60000 - 0x00007fff01b0a000 	C:\WINDOWS\system32\ADVAPI32.dll
0x00007ffef8500000 - 0x00007ffef851e000 	C:\WINDOWS\SYSTEM32\MPR.dll
0x00007fff01770000 - 0x00007fff018b0000 	C:\WINDOWS\system32\RPCRT4.dll
0x00007fff01b70000 - 0x00007fff01bc9000 	C:\WINDOWS\SYSTEM32\sechost.dll
0x00007fff01540000 - 0x00007fff01751000 	C:\WINDOWS\SYSTEM32\combase.dll
0x00007fff03560000 - 0x00007fff036af000 	C:\WINDOWS\system32\GDI32.dll
0x00007fff00f30000 - 0x00007fff00f45000 	C:\WINDOWS\SYSTEM32\profapi.dll
0x00007ffeff460000 - 0x00007ffeff512000 	C:\WINDOWS\SYSTEM32\SHCORE.dll
0x00007fff03dc0000 - 0x00007fff03df6000 	C:\WINDOWS\system32\IMM32.DLL
0x00007fff037f0000 - 0x00007fff03942000 	C:\WINDOWS\system32\MSCTF.dll
0x00007fff00ee0000 - 0x00007fff00f11000 	C:\WINDOWS\system32\nvinitx.dll
0x00007fff00ed0000 - 0x00007fff00eda000 	C:\WINDOWS\SYSTEM32\VERSION.dll
0x000000000f000000 - 0x000000000f006000 	C:\Program Files\NVIDIA Corporation\CoProcManager\_etoured.dll
0x00007ffefefa0000 - 0x00007ffefefd1000 	C:\Program Files\NVIDIA Corporation\CoProcManager\nvd3d9wrapx.dll
0x00007fff03950000 - 0x00007fff03b2a000 	C:\WINDOWS\system32\SETUPAPI.dll
0x00007fff01440000 - 0x00007fff0148f000 	C:\WINDOWS\system32\CFGMGR32.dll
0x00007ffefef70000 - 0x00007ffefef92000 	C:\Program Files\NVIDIA Corporation\CoProcManager\nvdxgiwrapx.dll
0x00007ffefefe0000 - 0x00007ffeff25b000 	C:\WINDOWS\WinSxS\amd64_microsoft.windows.common-controls_6595b64144ccf1df_6.0.9600.18006_none_623f33d3ecbe86e8\COMCTL32.dll
0x000000005dc60000 - 0x000000005dd31000 	C:\Program Files\Java\jdk1.8.0_102\jre\bin\msvcr100.dll
0x000000005e290000 - 0x000000005eb2a000 	C:\Program Files\Java\jdk1.8.0_102\jre\bin\server\jvm.dll
0x00007ffef93e0000 - 0x00007ffef93e9000 	C:\WINDOWS\SYSTEM32\WSOCK32.dll
0x00007ffefcd10000 - 0x00007ffefcd32000 	C:\WINDOWS\SYSTEM32\WINMM.dll
0x00007fff03b30000 - 0x00007fff03b37000 	C:\WINDOWS\system32\PSAPI.DLL
0x00007fff01b10000 - 0x00007fff01b6a000 	C:\WINDOWS\system32\WS2_32.dll
0x00007ffefcce0000 - 0x00007ffefcd0a000 	C:\WINDOWS\SYSTEM32\WINMMBASE.dll
0x00007fff01760000 - 0x00007fff01769000 	C:\WINDOWS\system32\NSI.dll
0x00007ffeffd00000 - 0x00007ffeffd28000 	C:\WINDOWS\SYSTEM32\DEVOBJ.dll
0x000000005e280000 - 0x000000005e28f000 	C:\Program Files\Java\jdk1.8.0_102\jre\bin\verify.dll
0x000000005e250000 - 0x000000005e279000 	C:\Program Files\Java\jdk1.8.0_102\jre\bin\java.dll
0x000000005e230000 - 0x000000005e246000 	C:\Program Files\Java\jdk1.8.0_102\jre\bin\zip.dll

VM Arguments:
jvm_args: -Djava.awt.headless=true -Xmx1024M -Dfile.encoding=windows-1252 -Duser.country=US -Duser.language=en -Duser.variant 
java_command: com.android.dx.command.Main --dex --force-jumbo --num-threads=4 --output D:\Project_Android\OrderOnline\app\build\intermediates\pre-dexed\debug\com.android.support-support-v4-24.1.1_c3ba22f1f78b123bfd4b9915d7a4eb2019b1f82c.jar D:\Project_Android\OrderOnline\app\build\intermediates\exploded-aar\com.android.support\support-v4\24.1.1\jars\classes.jar
java_class_path (initial): D:\Andro\build-tools\24.0.1\lib\dx.jar
Launcher Type: SUN_STANDARD

Environment Variables:
PATH=D:\app\aryashila\product\12.1.0\dbhome_1\bin;C:\ProgramData\Oracle\Java\javapath;C:\Program Files (x86)\Common Files\Intel\Shared Files\cpp\bin\Intel64;C:\WINDOWS\system32;C:\WINDOWS;C:\WINDOWS\System32\Wbem;C:\WINDOWS\System32\WindowsPowerShell\v1.0\;C:\Program Files\Microsoft\Web Platform Installer\;C:\Program Files (x86)\Microsoft ASP.NET\ASP.NET Web Pages\v1.0\;C:\Program Files\Microsoft SQL Server\110\Tools\Binn\;C:\Program Files\Java\jdk1.7.0_45\bin;C:\WINDOWS\system32\config\systemprofile\.dnx\bin;C:\Program Files\Microsoft DNX\Dnvm\;C:\Program Files (x86)\Windows Kits\8.1\Windows Performance Toolkit\;C:\Program Files\Microsoft SQL Server\120\Tools\Binn\;C:\Program Files\Git\cmd
USERNAME=Distiara
OS=Windows_NT
PROCESSOR_IDENTIFIER=Intel64 Family 6 Model 58 Stepping 9, GenuineIntel



---------------  S Y S T E M  ---------------

OS: Windows 8.1 , 64 bit Build 9600 (6.3.9600.17415)

CPU:total 4 (2 cores per cpu, 2 threads per core) family 6 model 58 stepping 9, cmov, cx8, fxsr, mmx, sse, sse2, sse3, ssse3, sse4.1, sse4.2, popcnt, avx, clmul, erms, ht, tsc, tscinvbit, tscinv

Memory: 4k page, physical 4077312k(193108k free), swap 7223040k(8516k free)

vm_info: Java HotSpot(TM) 64-Bit Server VM (25.102-b14) for windows-amd64 JRE (1.8.0_102-b14), built on Jun 22 2016 13:15:21 by "java_re" with MS VC++ 10.0 (VS2010)

time: Mon Sep 05 11:31:10 2016
elapsed time: 5 seconds (0d 0h 0m 5s)

