#
# There is insufficient memory for the Java Runtime Environment to continue.
# Native memory allocation (malloc) failed to allocate 620096 bytes for Chunk::new
# Possible reasons:
#   The system is out of physical RAM or swap space
#   In 32 bit mode, the process size limit was hit
# Possible solutions:
#   Reduce memory load on the system
#   Increase physical memory or swap space
#   Check if swap backing store is full
#   Use 64 bit Java on a 64 bit OS
#   Decrease Java heap size (-Xmx/-Xms)
#   Decrease number of Java threads
#   Decrease Java thread stack sizes (-Xss)
#   Set larger code cache with -XX:ReservedCodeCacheSize=
# This output file may be truncated or incomplete.
#
#  Out of Memory Error (allocation.cpp:390), pid=4876, tid=0x00000000000021ac
#
# JRE version: Java(TM) SE Runtime Environment (8.0_102-b14) (build 1.8.0_102-b14)
# Java VM: Java HotSpot(TM) 64-Bit Server VM (25.102-b14 mixed mode windows-amd64 compressed oops)
# Failed to write core dump. Minidumps are not enabled by default on client versions of Windows
#

---------------  T H R E A D  ---------------

Current thread (0x000000000621f000):  JavaThread "C2 CompilerThread0" daemon [_thread_in_native, id=8620, stack(0x0000000007850000,0x0000000007950000)]

Stack: [0x0000000007850000,0x0000000007950000]
[error occurred during error reporting (printing stack bounds), id 0xc0000005]

Native frames: (J=compiled Java code, j=interpreted, Vv=VM code, C=native code)


Current CompileTask:
C2:  15568 1267   !   4       com.android.dx.cf.code.BytecodeArray::parseInstruction (2764 bytes)


---------------  P R O C E S S  ---------------

Java Threads: ( => current thread )
  0x0000000007b75800 JavaThread "Service Thread" daemon [_thread_blocked, id=5384, stack(0x0000000007f50000,0x0000000008050000)]
  0x000000000622f000 JavaThread "C1 CompilerThread2" daemon [_thread_blocked, id=4412, stack(0x0000000007a50000,0x0000000007b50000)]
  0x0000000006222000 JavaThread "C2 CompilerThread1" daemon [_thread_in_native, id=2156, stack(0x0000000007950000,0x0000000007a50000)]
=>0x000000000621f000 JavaThread "C2 CompilerThread0" daemon [_thread_in_native, id=8620, stack(0x0000000007850000,0x0000000007950000)]
  0x000000000621b000 JavaThread "Attach Listener" daemon [_thread_blocked, id=8540, stack(0x0000000007750000,0x0000000007850000)]
  0x000000000621a000 JavaThread "Signal Dispatcher" daemon [_thread_blocked, id=7616, stack(0x0000000007650000,0x0000000007750000)]
  0x000000000620a800 JavaThread "Finalizer" daemon [_thread_blocked, id=2268, stack(0x0000000007470000,0x0000000007570000)]
  0x0000000002b3f800 JavaThread "Reference Handler" daemon [_thread_blocked, id=8388, stack(0x0000000007370000,0x0000000007470000)]
  0x0000000002a50800 JavaThread "main" [_thread_in_vm, id=8732, stack(0x00000000028f0000,0x00000000029f0000)]

Other Threads:
  0x00000000061e8000 VMThread [stack: 0x0000000007270000,0x0000000007370000] [id=3112]
  0x0000000007b85000 WatcherThread [stack: 0x0000000008050000,0x0000000008150000] [id=8796]

VM state:not at safepoint (normal execution)

VM Mutex/Monitor currently owned by a thread: None

Heap:
 PSYoungGen      total 18944K, used 6550K [0x00000000eab00000, 0x00000000ed000000, 0x0000000100000000)
  eden space 16384K, 24% used [0x00000000eab00000,0x00000000eaee8170,0x00000000ebb00000)
  from space 2560K, 99% used [0x00000000ebd80000,0x00000000ebffd7e8,0x00000000ec000000)
  to   space 2560K, 0% used [0x00000000ebb00000,0x00000000ebb00000,0x00000000ebd80000)
 ParOldGen       total 44032K, used 4444K [0x00000000c0000000, 0x00000000c2b00000, 0x00000000eab00000)
  object space 44032K, 10% used [0x00000000c0000000,0x00000000c04573b8,0x00000000c2b00000)
 Metaspace       used 6079K, capacity 6968K, committed 7040K, reserved 1056768K
  class space    used 611K, capacity 624K, committed 640K, reserved 1048576K

Card table byte_map: [0x0000000002f10000,0x0000000003120000] byte_map_base: 0x0000000002910000

Marking Bits: (ParMarkBitMap*) 0x000000005eaaa6c0
 Begin Bits: [0x0000000003680000, 0x0000000004680000)
 End Bits:   [0x0000000004680000, 0x0000000005680000)

Polling page: 0x0000000000cf0000

CodeCache: size=245760Kb used=5155Kb max_used=5155Kb free=240604Kb
 bounds [0x000000000f010000, 0x000000000f520000, 0x000000001e010000]
 total_blobs=1551 nmethods=1282 adapters=182
 compilation: enabled

Compilation events (10 events):
Event: 15.471 Thread 0x000000000622f000 1311       3       com.android.dx.dex.file.Section::validateAlignment (23 bytes)
Event: 15.471 Thread 0x000000000622f000 nmethod 1311 0x000000000f515390 code [0x000000000f515500, 0x000000000f515768]
Event: 15.472 Thread 0x000000000622f000 1312       3       com.android.dx.dex.file.OffsettedItem::<init> (44 bytes)
Event: 15.473 Thread 0x000000000622f000 nmethod 1312 0x000000000f515850 code [0x000000000f515a00, 0x000000000f515ed8]
Event: 15.479 Thread 0x000000000622f000 1313  s    3       com.android.dx.dex.file.TypeIdsSection::intern (60 bytes)
Event: 15.481 Thread 0x000000000622f000 nmethod 1313 0x000000000f5160d0 code [0x000000000f5162e0, 0x000000000f516f88]
Event: 15.483 Thread 0x000000000622f000 1314       3       java.util.HashMap::tableSizeFor (59 bytes)
Event: 15.484 Thread 0x000000000622f000 nmethod 1314 0x000000000f517610 code [0x000000000f517780, 0x000000000f517990]
Event: 15.486 Thread 0x000000000622f000 1315       3       com.android.dx.dex.code.OutputFinisher::getAllConstants (47 bytes)
Event: 15.487 Thread 0x000000000622f000 nmethod 1315 0x000000000f517a10 code [0x000000000f517c40, 0x000000000f5185a8]

GC Heap History (4 events):
Event: 12.853 GC heap before
{Heap before GC invocations=1 (full 0):
 PSYoungGen      total 18944K, used 16384K [0x00000000eab00000, 0x00000000ec000000, 0x0000000100000000)
  eden space 16384K, 100% used [0x00000000eab00000,0x00000000ebb00000,0x00000000ebb00000)
  from space 2560K, 0% used [0x00000000ebd80000,0x00000000ebd80000,0x00000000ec000000)
  to   space 2560K, 0% used [0x00000000ebb00000,0x00000000ebb00000,0x00000000ebd80000)
 ParOldGen       total 44032K, used 0K [0x00000000c0000000, 0x00000000c2b00000, 0x00000000eab00000)
  object space 44032K, 0% used [0x00000000c0000000,0x00000000c0000000,0x00000000c2b00000)
 Metaspace       used 5815K, capacity 6768K, committed 7040K, reserved 1056768K
  class space    used 602K, capacity 616K, committed 640K, reserved 1048576K
Event: 12.890 GC heap after
Heap after GC invocations=1 (full 0):
 PSYoungGen      total 18944K, used 2551K [0x00000000eab00000, 0x00000000ec000000, 0x0000000100000000)
  eden space 16384K, 0% used [0x00000000eab00000,0x00000000eab00000,0x00000000ebb00000)
  from space 2560K, 99% used [0x00000000ebb00000,0x00000000ebd7dc78,0x00000000ebd80000)
  to   space 2560K, 0% used [0x00000000ebd80000,0x00000000ebd80000,0x00000000ec000000)
 ParOldGen       total 44032K, used 2148K [0x00000000c0000000, 0x00000000c2b00000, 0x00000000eab00000)
  object space 44032K, 4% used [0x00000000c0000000,0x00000000c0219130,0x00000000c2b00000)
 Metaspace       used 5815K, capacity 6768K, committed 7040K, reserved 1056768K
  class space    used 602K, capacity 616K, committed 640K, reserved 1048576K
}
Event: 14.647 GC heap before
{Heap before GC invocations=2 (full 0):
 PSYoungGen      total 18944K, used 18935K [0x00000000eab00000, 0x00000000ec000000, 0x0000000100000000)
  eden space 16384K, 100% used [0x00000000eab00000,0x00000000ebb00000,0x00000000ebb00000)
  from space 2560K, 99% used [0x00000000ebb00000,0x00000000ebd7dc78,0x00000000ebd80000)
  to   space 2560K, 0% used [0x00000000ebd80000,0x00000000ebd80000,0x00000000ec000000)
 ParOldGen       total 44032K, used 2148K [0x00000000c0000000, 0x00000000c2b00000, 0x00000000eab00000)
  object space 44032K, 4% used [0x00000000c0000000,0x00000000c0219130,0x00000000c2b00000)
 Metaspace       used 5987K, capacity 6900K, committed 7040K, reserved 1056768K
  class space    used 605K, capacity 620K, committed 640K, reserved 1048576K
Event: 15.119 GC heap after
Heap after GC invocations=2 (full 0):
 PSYoungGen      total 18944K, used 2549K [0x00000000eab00000, 0x00000000ed000000, 0x0000000100000000)
  eden space 16384K, 0% used [0x00000000eab00000,0x00000000eab00000,0x00000000ebb00000)
  from space 2560K, 99% used [0x00000000ebd80000,0x00000000ebffd7e8,0x00000000ec000000)
  to   space 2560K, 0% used [0x00000000ebb00000,0x00000000ebb00000,0x00000000ebd80000)
 ParOldGen       total 44032K, used 4444K [0x00000000c0000000, 0x00000000c2b00000, 0x00000000eab00000)
  object space 44032K, 10% used [0x00000000c0000000,0x00000000c04573b8,0x00000000c2b00000)
 Metaspace       used 5987K, capacity 6900K, committed 7040K, reserved 1056768K
  class space    used 605K, capacity 620K, committed 640K, reserved 1048576K
}

Deoptimization events (10 events):
Event: 15.257 Thread 0x0000000007ce6800 Uncommon trap: reason=bimorphic action=maybe_recompile pc=0x000000000f499dd4 method=com.android.dx.cf.code.BytecodeArray.parseInstruction(ILcom/android/dx/cf/code/BytecodeArray$Visitor;)I @ 1051
Event: 15.257 Thread 0x0000000007ce6800 Uncommon trap: reason=bimorphic action=maybe_recompile pc=0x000000000f499d54 method=com.android.dx.cf.code.BytecodeArray.parseInstruction(ILcom/android/dx/cf/code/BytecodeArray$Visitor;)I @ 1035
Event: 15.309 Thread 0x0000000002a50800 Uncommon trap: reason=class_check action=maybe_recompile pc=0x000000000f47db88 method=java.util.Arrays.hashCode([Ljava/lang/Object;)I @ 43
Event: 15.309 Thread 0x0000000002a50800 Uncommon trap: reason=class_check action=maybe_recompile pc=0x000000000f47db88 method=java.util.Arrays.hashCode([Ljava/lang/Object;)I @ 43
Event: 15.309 Thread 0x0000000002a50800 Uncommon trap: reason=class_check action=maybe_recompile pc=0x000000000f47db88 method=java.util.Arrays.hashCode([Ljava/lang/Object;)I @ 43
Event: 15.309 Thread 0x0000000002a50800 Uncommon trap: reason=class_check action=maybe_recompile pc=0x000000000f47db88 method=java.util.Arrays.hashCode([Ljava/lang/Object;)I @ 43
Event: 15.309 Thread 0x0000000002a50800 Uncommon trap: reason=class_check action=maybe_recompile pc=0x000000000f4bb1e8 method=java.util.Arrays.hashCode([Ljava/lang/Object;)I @ 43
Event: 15.439 Thread 0x0000000002a50800 Uncommon trap: reason=bimorphic action=maybe_recompile pc=0x000000000f39220c method=java.util.HashMap.getNode(ILjava/lang/Object;)Ljava/util/HashMap$Node; @ 126
Event: 15.442 Thread 0x0000000002a50800 Uncommon trap: reason=class_check action=maybe_recompile pc=0x000000000f3a0244 method=java.util.HashMap.putVal(ILjava/lang/Object;Ljava/lang/Object;ZZ)Ljava/lang/Object; @ 203
Event: 15.454 Thread 0x0000000002a50800 Uncommon trap: reason=class_check action=maybe_recompile pc=0x000000000f3a0244 method=java.util.HashMap.putVal(ILjava/lang/Object;Ljava/lang/Object;ZZ)Ljava/lang/Object; @ 203

Internal exceptions (3 events):
Event: 2.552 Thread 0x0000000002a50800 Exception <a 'java/lang/NoSuchMethodError': Method sun.misc.Unsafe.defineClass(Ljava/lang/String;[BII)Ljava/lang/Class; name or signature does not match> (0x00000000eab07c78) thrown at [C:\re\workspace\8-2-build-windows-amd64-cygwin\jdk8u102\7268\hotspot\sCÂ-Ã‡j@
Event: 2.552 Thread 0x0000000002a50800 Exception <a 'java/lang/NoSuchMethodError': Method sun.misc.Unsafe.prefetchRead(Ljava/lang/Object;J)V name or signature does not match> (0x00000000eab07f60) thrown at [C:\re\workspace\8-2-build-windows-amd64-cygwin\jdk8u102\7268\hotspot\src\share\vm\prims\ìÜãý+@
Event: 13.996 Thread 0x0000000007ce6800 Implicit null exception at 0x000000000f2d71a2 to 0x000000000f2d7292

Events (10 events):
Event: 15.442 Thread 0x0000000007ce4000 Thread exited: 0x0000000007ce4000
Event: 15.442 Thread 0x0000000002a50800 Uncommon trap: trap_request=0xffffffde fr.pc=0x000000000f3a0244
Event: 15.442 Thread 0x0000000002a50800 DEOPT PACKING pc=0x000000000f3a0244 sp=0x00000000029ef2e0
Event: 15.442 Thread 0x0000000002a50800 DEOPT UNPACKING pc=0x000000000f05582a sp=0x00000000029ef268 mode 2
Event: 15.449 Thread 0x0000000007ce6800 Thread exited: 0x0000000007ce6800
Event: 15.454 Thread 0x0000000002a50800 Uncommon trap: trap_request=0xffffffde fr.pc=0x000000000f3a0244
Event: 15.454 Thread 0x0000000002a50800 DEOPT PACKING pc=0x000000000f3a0244 sp=0x00000000029ef220
Event: 15.454 Thread 0x0000000002a50800 DEOPT UNPACKING pc=0x000000000f05582a sp=0x00000000029ef1a8 mode 2
Event: 15.462 loading class com/android/dx/dex/file/CatchStructs
Event: 15.462 loading class com/android/dx/dex/file/CatchStructs done


Dynamic libraries:
0x00007ff6f59a0000 - 0x00007ff6f59d7000 	C:\Program Files\Java\jdk1.8.0_102\bin\java.exe
0x00007fff03e00000 - 0x00007fff03fad000 	C:\WINDOWS\SYSTEM32\ntdll.dll
0x00007fff036b0000 - 0x00007fff037ee000 	C:\WINDOWS\system32\KERNEL32.DLL
0x00007fff010e0000 - 0x00007fff011f5000 	C:\WINDOWS\system32\KERNELBASE.dll
0x00007ffeffab0000 - 0x00007ffeffb3e000 	C:\WINDOWS\system32\apphelp.dll
0x00007ffee83e0000 - 0x00007ffee8433000 	C:\WINDOWS\AppPatch\AppPatch64\AcGenral.DLL
0x00007fff01490000 - 0x00007fff0153a000 	C:\WINDOWS\system32\msvcrt.dll
0x00007fff010b0000 - 0x00007fff010de000 	C:\WINDOWS\system32\SspiCli.dll
0x00007fff03280000 - 0x00007fff032d4000 	C:\WINDOWS\system32\SHLWAPI.dll
0x00007fff018d0000 - 0x00007fff01a47000 	C:\WINDOWS\system32\USER32.dll
0x00007fff033b0000 - 0x00007fff03544000 	C:\WINDOWS\system32\ole32.dll
0x00007fff01c90000 - 0x00007fff031b9000 	C:\WINDOWS\system32\SHELL32.dll
0x00007fff004b0000 - 0x00007fff004d1000 	C:\WINDOWS\SYSTEM32\USERENV.dll
0x00007fff01a60000 - 0x00007fff01b0a000 	C:\WINDOWS\system32\ADVAPI32.dll
0x00007ffef8500000 - 0x00007ffef851e000 	C:\WINDOWS\SYSTEM32\MPR.dll
0x00007fff01770000 - 0x00007fff018b0000 	C:\WINDOWS\system32\RPCRT4.dll
0x00007fff01b70000 - 0x00007fff01bc9000 	C:\WINDOWS\SYSTEM32\sechost.dll
0x00007fff01540000 - 0x00007fff01751000 	C:\WINDOWS\SYSTEM32\combase.dll
0x00007fff03560000 - 0x00007fff036af000 	C:\WINDOWS\system32\GDI32.dll
0x00007fff00f30000 - 0x00007fff00f45000 	C:\WINDOWS\SYSTEM32\profapi.dll
0x00007ffeff460000 - 0x00007ffeff512000 	C:\WINDOWS\SYSTEM32\SHCORE.dll
0x00007fff03dc0000 - 0x00007fff03df6000 	C:\WINDOWS\system32\IMM32.DLL
0x00007fff037f0000 - 0x00007fff03942000 	C:\WINDOWS\system32\MSCTF.dll
0x00007fff00ee0000 - 0x00007fff00f11000 	C:\WINDOWS\system32\nvinitx.dll
0x00007fff00ed0000 - 0x00007fff00eda000 	C:\WINDOWS\SYSTEM32\VERSION.dll
0x000000000f000000 - 0x000000000f006000 	C:\Program Files\NVIDIA Corporation\CoProcManager\_etoured.dll
0x00007ffefefa0000 - 0x00007ffefefd1000 	C:\Program Files\NVIDIA Corporation\CoProcManager\nvd3d9wrapx.dll
0x00007fff03950000 - 0x00007fff03b2a000 	C:\WINDOWS\system32\SETUPAPI.dll
0x00007fff01440000 - 0x00007fff0148f000 	C:\WINDOWS\system32\CFGMGR32.dll
0x00007ffefef70000 - 0x00007ffefef92000 	C:\Program Files\NVIDIA Corporation\CoProcManager\nvdxgiwrapx.dll
0x00007ffefefe0000 - 0x00007ffeff25b000 	C:\WINDOWS\WinSxS\amd64_microsoft.windows.common-controls_6595b64144ccf1df_6.0.9600.18006_none_623f33d3ecbe86e8\COMCTL32.dll
0x000000005dc60000 - 0x000000005dd31000 	C:\Program Files\Java\jdk1.8.0_102\jre\bin\msvcr100.dll
0x000000005e290000 - 0x000000005eb2a000 	C:\Program Files\Java\jdk1.8.0_102\jre\bin\server\jvm.dll
0x00007ffef93e0000 - 0x00007ffef93e9000 	C:\WINDOWS\SYSTEM32\WSOCK32.dll
0x00007ffefcd10000 - 0x00007ffefcd32000 	C:\WINDOWS\SYSTEM32\WINMM.dll
0x00007fff03b30000 - 0x00007fff03b37000 	C:\WINDOWS\system32\PSAPI.DLL
0x00007fff01b10000 - 0x00007fff01b6a000 	C:\WINDOWS\system32\WS2_32.dll
0x00007ffefcce0000 - 0x00007ffefcd0a000 	C:\WINDOWS\SYSTEM32\WINMMBASE.dll
0x00007fff01760000 - 0x00007fff01769000 	C:\WINDOWS\system32\NSI.dll
0x00007ffeffd00000 - 0x00007ffeffd28000 	C:\WINDOWS\SYSTEM32\DEVOBJ.dll
0x000000005e280000 - 0x000000005e28f000 	C:\Program Files\Java\jdk1.8.0_102\jre\bin\verify.dll
0x000000005e250000 - 0x000000005e279000 	C:\Program Files\Java\jdk1.8.0_102\jre\bin\java.dll
0x000000005e230000 - 0x000000005e246000 	C:\Program Files\Java\jdk1.8.0_102\jre\bin\zip.dll

VM Arguments:
jvm_args: -Djava.awt.headless=true -Xmx1024M -Dfile.encoding=windows-1252 -Duser.country=US -Duser.language=en -Duser.variant 
java_command: com.android.dx.command.Main --dex --force-jumbo --num-threads=4 --output D:\Project_Android\OrderOnline\app\build\intermediates\pre-dexed\debug\com.android.support-support-vector-drawable-24.1.1_65d47cf225bfa3e20cbdbacd9147fe3ad1de7edf.jar D:\Project_Android\OrderOnline\app\build\intermediates\exploded-aar\com.android.support\support-vector-drawable\24.1.1\jars\classes.jar
java_class_path (initial): D:\Andro\build-tools\24.0.1\lib\dx.jar
Launcher Type: SUN_STANDARD

Environment Variables:
PATH=D:\app\aryashila\product\12.1.0\dbhome_1\bin;C:\ProgramData\Oracle\Java\javapath;C:\Program Files (x86)\Common Files\Intel\Shared Files\cpp\bin\Intel64;C:\WINDOWS\system32;C:\WINDOWS;C:\WINDOWS\System32\Wbem;C:\WINDOWS\System32\WindowsPowerShell\v1.0\;C:\Program Files\Microsoft\Web Platform Installer\;C:\Program Files (x86)\Microsoft ASP.NET\ASP.NET Web Pages\v1.0\;C:\Program Files\Microsoft SQL Server\110\Tools\Binn\;C:\Program Files\Java\jdk1.7.0_45\bin;C:\WINDOWS\system32\config\systemprofile\.dnx\bin;C:\Program Files\Microsoft DNX\Dnvm\;C:\Program Files (x86)\Windows Kits\8.1\Windows Performance Toolkit\;C:\Program Files\Microsoft SQL Server\120\Tools\Binn\;C:\Program Files\Git\cmd
USERNAME=Distiara
OS=Windows_NT
PROCESSOR_IDENTIFIER=Intel64 Family 6 Model 58 Stepping 9, GenuineIntel



---------------  S Y S T E M  ---------------

OS: Windows 8.1 , 64 bit Build 9600 (6.3.9600.17415)

CPU:total 4 (2 cores per cpu, 2 threads per core) family 6 model 58 stepping 9, cmov, cx8, fxsr, mmx, sse, sse2, sse3, ssse3, sse4.1, sse4.2, popcnt, avx, clmul, erms, ht, tsc, tscinvbit, tscinv

Memory: 4k page, physical 4077312k(167228k free), swap 7223040k(6324k free)

vm_info: Java HotSpot(TM) 64-Bit Server VM (25.102-b14) for windows-amd64 JRE (1.8.0_102-b14), built on Jun 22 2016 13:15:21 by "java_re" with MS VC++ 10.0 (VS2010)

time: Mon Sep 05 11:31:03 2016
elapsed time: 15 seconds (0d 0h 0m 15s)

