#
# There is insufficient memory for the Java Runtime Environment to continue.
# Native memory allocation (malloc) failed to allocate 103776 bytes for Chunk::new
# Possible reasons:
#   The system is out of physical RAM or swap space
#   In 32 bit mode, the process size limit was hit
# Possible solutions:
#   Reduce memory load on the system
#   Increase physical memory or swap space
#   Check if swap backing store is full
#   Use 64 bit Java on a 64 bit OS
#   Decrease Java heap size (-Xmx/-Xms)
#   Decrease number of Java threads
#   Decrease Java thread stack sizes (-Xss)
#   Set larger code cache with -XX:ReservedCodeCacheSize=
# This output file may be truncated or incomplete.
#
#  Out of Memory Error (allocation.cpp:390), pid=4976, tid=0x0000000000001a84
#
# JRE version: Java(TM) SE Runtime Environment (8.0_102-b14) (build 1.8.0_102-b14)
# Java VM: Java HotSpot(TM) 64-Bit Server VM (25.102-b14 mixed mode windows-amd64 compressed oops)
# Failed to write core dump. Minidumps are not enabled by default on client versions of Windows
#

---------------  T H R E A D  ---------------

Current thread (0x00000000065cb800):  JavaThread "C2 CompilerThread1" daemon [_thread_in_native, id=6788, stack(0x0000000007cb0000,0x0000000007db0000)]

Stack: [0x0000000007cb0000,0x0000000007db0000]
[error occurred during error reporting (printing stack bounds), id 0xc0000005]

Native frames: (J=compiled Java code, j=interpreted, Vv=VM code, C=native code)


Current CompileTask:
C2:   8242  878       4       com.android.dx.ssa.SsaRenamer$BlockRenamer::addMapping (143 bytes)


---------------  P R O C E S S  ---------------

Java Threads: ( => current thread )
  0x0000000007eb6000 JavaThread "Service Thread" daemon [_thread_blocked, id=7184, stack(0x00000000082b0000,0x00000000083b0000)]
  0x00000000065ce000 JavaThread "C1 CompilerThread2" daemon [_thread_blocked, id=5920, stack(0x0000000007db0000,0x0000000007eb0000)]
=>0x00000000065cb800 JavaThread "C2 CompilerThread1" daemon [_thread_in_native, id=6788, stack(0x0000000007cb0000,0x0000000007db0000)]
  0x000000000656e800 JavaThread "C2 CompilerThread0" daemon [_thread_in_native, id=8108, stack(0x0000000007bb0000,0x0000000007cb0000)]
  0x000000000656a800 JavaThread "Attach Listener" daemon [_thread_blocked, id=7076, stack(0x0000000007ab0000,0x0000000007bb0000)]
  0x0000000006569800 JavaThread "Signal Dispatcher" daemon [_thread_blocked, id=8780, stack(0x00000000079b0000,0x0000000007ab0000)]
  0x000000000655a800 JavaThread "Finalizer" daemon [_thread_blocked, id=3084, stack(0x00000000077d0000,0x00000000078d0000)]
  0x0000000002e8f000 JavaThread "Reference Handler" daemon [_thread_blocked, id=188, stack(0x00000000076d0000,0x00000000077d0000)]
  0x0000000002da0800 JavaThread "main" [_thread_in_native, id=5780, stack(0x0000000002ca0000,0x0000000002da0000)]

Other Threads:
  0x0000000006538000 VMThread [stack: 0x00000000075d0000,0x00000000076d0000] [id=5860]
  0x0000000007ecc000 WatcherThread [stack: 0x00000000083b0000,0x00000000084b0000] [id=8592]

VM state:not at safepoint (normal execution)

VM Mutex/Monitor currently owned by a thread: None

Heap:
 PSYoungGen      total 18944K, used 15027K [0x00000000eab00000, 0x00000000ec000000, 0x0000000100000000)
  eden space 16384K, 91% used [0x00000000eab00000,0x00000000eb9accc8,0x00000000ebb00000)
  from space 2560K, 0% used [0x00000000ebd80000,0x00000000ebd80000,0x00000000ec000000)
  to   space 2560K, 0% used [0x00000000ebb00000,0x00000000ebb00000,0x00000000ebd80000)
 ParOldGen       total 44032K, used 0K [0x00000000c0000000, 0x00000000c2b00000, 0x00000000eab00000)
  object space 44032K, 0% used [0x00000000c0000000,0x00000000c0000000,0x00000000c2b00000)
 Metaspace       used 5836K, capacity 6770K, committed 7040K, reserved 1056768K
  class space    used 602K, capacity 618K, committed 640K, reserved 1048576K

Card table byte_map: [0x0000000003260000,0x0000000003470000] byte_map_base: 0x0000000002c60000

Marking Bits: (ParMarkBitMap*) 0x000000005eaaa6c0
 Begin Bits: [0x00000000039d0000, 0x00000000049d0000)
 End Bits:   [0x00000000049d0000, 0x00000000059d0000)

Polling page: 0x0000000002ba0000

CodeCache: size=245760Kb used=3815Kb max_used=3815Kb free=241944Kb
 bounds [0x000000000f010000, 0x000000000f3d0000, 0x000000001e010000]
 total_blobs=1181 nmethods=909 adapters=182
 compilation: enabled

Compilation events (10 events):
Event: 8.101 Thread 0x00000000065ce000  870       3       com.android.dx.cf.code.ByteBlockList::labelToBlock (46 bytes)
Event: 8.103 Thread 0x00000000065ce000 nmethod 870 0x000000000f3a8cd0 code [0x000000000f3a8f00, 0x000000000f3a9c48]
Event: 8.103 Thread 0x00000000065ce000  874       3       com.android.dx.cf.code.Ropper::addOrReplaceBlock (66 bytes)
Event: 8.105 Thread 0x00000000065ce000 nmethod 874 0x000000000f3aa150 code [0x000000000f3aa3a0, 0x000000000f3ab1f8]
Event: 8.105 Thread 0x00000000065ce000  871       3       com.android.dx.cf.code.RopperMachine::startBlock (48 bytes)
Event: 8.105 Thread 0x00000000065ce000 nmethod 871 0x000000000f3aba90 code [0x000000000f3abc00, 0x000000000f3abde8]
Event: 8.105 Thread 0x00000000065ce000  875       3       com.android.dx.cf.code.Simulator$SimVisitor::setFrame (20 bytes)
Event: 8.106 Thread 0x00000000065ce000 nmethod 875 0x000000000f3abed0 code [0x000000000f3ac040, 0x000000000f3ac2a8]
Event: 8.106 Thread 0x00000000065ce000  876       3       com.android.dx.cf.code.Ropper::mergeAndWorkAsNecessary (102 bytes)
Event: 8.107 Thread 0x00000000065ce000 nmethod 876 0x000000000f3ac390 code [0x000000000f3ac580, 0x000000000f3ad0b8]

GC Heap History (0 events):
No events

Deoptimization events (3 events):
Event: 5.468 Thread 0x0000000008154800 Uncommon trap: reason=unstable_if action=reinterpret pc=0x000000000f20f1f8 method=java.util.HashMap.getNode(ILjava/lang/Object;)Ljava/util/HashMap$Node; @ 62
Event: 8.067 Thread 0x0000000008154800 Uncommon trap: reason=class_check action=maybe_recompile pc=0x000000000f32f6e4 method=com.android.dx.ssa.NormalSsaInsn.accept(Lcom/android/dx/ssa/SsaInsn$Visitor;)V @ 9
Event: 8.067 Thread 0x0000000008154800 Uncommon trap: reason=class_check action=maybe_recompile pc=0x000000000f32f6e4 method=com.android.dx.ssa.NormalSsaInsn.accept(Lcom/android/dx/ssa/SsaInsn$Visitor;)V @ 9

Internal exceptions (2 events):
Event: 0.405 Thread 0x0000000002da0800 Exception <a 'java/lang/NoSuchMethodError': Method sun.misc.Unsafe.defineClass(Ljava/lang/String;[BII)Ljava/lang/Class; name or signature does not match> (0x00000000eab07c78) thrown at [C:\re\workspace\8-2-build-windows-amd64-cygwin\jdk8u102\7268\hotspot\sÞÞ(@íÙ?
Event: 0.405 Thread 0x0000000002da0800 Exception <a 'java/lang/NoSuchMethodError': Method sun.misc.Unsafe.prefetchRead(Ljava/lang/Object;J)V name or signature does not match> (0x00000000eab07f60) thrown at [C:\re\workspace\8-2-build-windows-amd64-cygwin\jdk8u102\7268\hotspot\src\share\vm\prims\

Events (10 events):
Event: 5.841 loading class com/android/dx/dex/file/MethodAnnotationStruct
Event: 5.841 loading class com/android/dx/dex/file/MethodAnnotationStruct done
Event: 6.808 loading class java/util/ArrayList$1
Event: 6.808 loading class java/util/ArrayList$1 done
Event: 8.067 Thread 0x0000000008154800 Uncommon trap: trap_request=0xffffffde fr.pc=0x000000000f32f6e4
Event: 8.067 Thread 0x0000000008154800 DEOPT PACKING pc=0x000000000f32f6e4 sp=0x00000000085ae870
Event: 8.067 Thread 0x0000000008154800 DEOPT UNPACKING pc=0x000000000f05582a sp=0x00000000085ae840 mode 2
Event: 8.067 Thread 0x0000000008154800 Uncommon trap: trap_request=0xffffffde fr.pc=0x000000000f32f6e4
Event: 8.067 Thread 0x0000000008154800 DEOPT PACKING pc=0x000000000f32f6e4 sp=0x00000000085ae870
Event: 8.067 Thread 0x0000000008154800 DEOPT UNPACKING pc=0x000000000f05582a sp=0x00000000085ae840 mode 2


Dynamic libraries:
0x00007ff6f59a0000 - 0x00007ff6f59d7000 	C:\Program Files\Java\jdk1.8.0_102\bin\java.exe
0x00007fff03e00000 - 0x00007fff03fad000 	C:\WINDOWS\SYSTEM32\ntdll.dll
0x00007fff036b0000 - 0x00007fff037ee000 	C:\WINDOWS\system32\KERNEL32.DLL
0x00007fff010e0000 - 0x00007fff011f5000 	C:\WINDOWS\system32\KERNELBASE.dll
0x00007ffeffab0000 - 0x00007ffeffb3e000 	C:\WINDOWS\system32\apphelp.dll
0x00007ffee83e0000 - 0x00007ffee8433000 	C:\WINDOWS\AppPatch\AppPatch64\AcGenral.DLL
0x00007fff01490000 - 0x00007fff0153a000 	C:\WINDOWS\system32\msvcrt.dll
0x00007fff010b0000 - 0x00007fff010de000 	C:\WINDOWS\system32\SspiCli.dll
0x00007fff03280000 - 0x00007fff032d4000 	C:\WINDOWS\system32\SHLWAPI.dll
0x00007fff018d0000 - 0x00007fff01a47000 	C:\WINDOWS\system32\USER32.dll
0x00007fff033b0000 - 0x00007fff03544000 	C:\WINDOWS\system32\ole32.dll
0x00007fff01c90000 - 0x00007fff031b9000 	C:\WINDOWS\system32\SHELL32.dll
0x00007fff004b0000 - 0x00007fff004d1000 	C:\WINDOWS\SYSTEM32\USERENV.dll
0x00007fff01a60000 - 0x00007fff01b0a000 	C:\WINDOWS\system32\ADVAPI32.dll
0x00007ffef8500000 - 0x00007ffef851e000 	C:\WINDOWS\SYSTEM32\MPR.dll
0x00007fff01770000 - 0x00007fff018b0000 	C:\WINDOWS\system32\RPCRT4.dll
0x00007fff01b70000 - 0x00007fff01bc9000 	C:\WINDOWS\SYSTEM32\sechost.dll
0x00007fff01540000 - 0x00007fff01751000 	C:\WINDOWS\SYSTEM32\combase.dll
0x00007fff03560000 - 0x00007fff036af000 	C:\WINDOWS\system32\GDI32.dll
0x00007fff00f30000 - 0x00007fff00f45000 	C:\WINDOWS\SYSTEM32\profapi.dll
0x00007ffeff460000 - 0x00007ffeff512000 	C:\WINDOWS\SYSTEM32\SHCORE.dll
0x00007fff03dc0000 - 0x00007fff03df6000 	C:\WINDOWS\system32\IMM32.DLL
0x00007fff037f0000 - 0x00007fff03942000 	C:\WINDOWS\system32\MSCTF.dll
0x00007fff00ee0000 - 0x00007fff00f11000 	C:\WINDOWS\system32\nvinitx.dll
0x00007fff00ed0000 - 0x00007fff00eda000 	C:\WINDOWS\SYSTEM32\VERSION.dll
0x000000000f000000 - 0x000000000f006000 	C:\Program Files\NVIDIA Corporation\CoProcManager\_etoured.dll
0x00007ffefefa0000 - 0x00007ffefefd1000 	C:\Program Files\NVIDIA Corporation\CoProcManager\nvd3d9wrapx.dll
0x00007fff03950000 - 0x00007fff03b2a000 	C:\WINDOWS\system32\SETUPAPI.dll
0x00007fff01440000 - 0x00007fff0148f000 	C:\WINDOWS\system32\CFGMGR32.dll
0x00007ffefef70000 - 0x00007ffefef92000 	C:\Program Files\NVIDIA Corporation\CoProcManager\nvdxgiwrapx.dll
0x00007ffefefe0000 - 0x00007ffeff25b000 	C:\WINDOWS\WinSxS\amd64_microsoft.windows.common-controls_6595b64144ccf1df_6.0.9600.18006_none_623f33d3ecbe86e8\COMCTL32.dll
0x000000005dc60000 - 0x000000005dd31000 	C:\Program Files\Java\jdk1.8.0_102\jre\bin\msvcr100.dll
0x000000005e290000 - 0x000000005eb2a000 	C:\Program Files\Java\jdk1.8.0_102\jre\bin\server\jvm.dll
0x00007ffef93e0000 - 0x00007ffef93e9000 	C:\WINDOWS\SYSTEM32\WSOCK32.dll
0x00007ffefcd10000 - 0x00007ffefcd32000 	C:\WINDOWS\SYSTEM32\WINMM.dll
0x00007fff03b30000 - 0x00007fff03b37000 	C:\WINDOWS\system32\PSAPI.DLL
0x00007fff01b10000 - 0x00007fff01b6a000 	C:\WINDOWS\system32\WS2_32.dll
0x00007ffefcce0000 - 0x00007ffefcd0a000 	C:\WINDOWS\SYSTEM32\WINMMBASE.dll
0x00007fff01760000 - 0x00007fff01769000 	C:\WINDOWS\system32\NSI.dll
0x00007ffeffd00000 - 0x00007ffeffd28000 	C:\WINDOWS\SYSTEM32\DEVOBJ.dll
0x000000005e280000 - 0x000000005e28f000 	C:\Program Files\Java\jdk1.8.0_102\jre\bin\verify.dll
0x000000005e250000 - 0x000000005e279000 	C:\Program Files\Java\jdk1.8.0_102\jre\bin\java.dll
0x000000005e230000 - 0x000000005e246000 	C:\Program Files\Java\jdk1.8.0_102\jre\bin\zip.dll

VM Arguments:
jvm_args: -Djava.awt.headless=true -Xmx1024M -Dfile.encoding=windows-1252 -Duser.country=US -Duser.language=en -Duser.variant 
java_command: com.android.dx.command.Main --dex --force-jumbo --num-threads=4 --output D:\Project_Android\OrderOnline\app\build\intermediates\pre-dexed\debug\com.android.support-animated-vector-drawable-24.1.1_8f98a83e8c9ab96de67afc030bab3929377570f2.jar D:\Project_Android\OrderOnline\app\build\intermediates\exploded-aar\com.android.support\animated-vector-drawable\24.1.1\jars\classes.jar
java_class_path (initial): D:\Andro\build-tools\24.0.1\lib\dx.jar
Launcher Type: SUN_STANDARD

Environment Variables:
PATH=D:\app\aryashila\product\12.1.0\dbhome_1\bin;C:\ProgramData\Oracle\Java\javapath;C:\Program Files (x86)\Common Files\Intel\Shared Files\cpp\bin\Intel64;C:\WINDOWS\system32;C:\WINDOWS;C:\WINDOWS\System32\Wbem;C:\WINDOWS\System32\WindowsPowerShell\v1.0\;C:\Program Files\Microsoft\Web Platform Installer\;C:\Program Files (x86)\Microsoft ASP.NET\ASP.NET Web Pages\v1.0\;C:\Program Files\Microsoft SQL Server\110\Tools\Binn\;C:\Program Files\Java\jdk1.7.0_45\bin;C:\WINDOWS\system32\config\systemprofile\.dnx\bin;C:\Program Files\Microsoft DNX\Dnvm\;C:\Program Files (x86)\Windows Kits\8.1\Windows Performance Toolkit\;C:\Program Files\Microsoft SQL Server\120\Tools\Binn\;C:\Program Files\Git\cmd
USERNAME=Distiara
OS=Windows_NT
PROCESSOR_IDENTIFIER=Intel64 Family 6 Model 58 Stepping 9, GenuineIntel



---------------  S Y S T E M  ---------------

OS: Windows 8.1 , 64 bit Build 9600 (6.3.9600.17415)

CPU:total 4 (2 cores per cpu, 2 threads per core) family 6 model 58 stepping 9, cmov, cx8, fxsr, mmx, sse, sse2, sse3, ssse3, sse4.1, sse4.2, popcnt, avx, clmul, erms, ht, tsc, tscinvbit, tscinv

Memory: 4k page, physical 4077312k(150388k free), swap 7223040k(4876k free)

vm_info: Java HotSpot(TM) 64-Bit Server VM (25.102-b14) for windows-amd64 JRE (1.8.0_102-b14), built on Jun 22 2016 13:15:21 by "java_re" with MS VC++ 10.0 (VS2010)

time: Mon Sep 05 11:30:43 2016
elapsed time: 8 seconds (0d 0h 0m 8s)

